0 info it worked if it ends with ok
1 verbose cli [ 'node', '/usr/local/bin/npm', 'install' ]
2 info using npm@1.1.71
3 info using node@v0.8.20
4 verbose read json /Users/leticiarodriguezdiez/blog/package.json
5 verbose readDependencies using package.json deps
6 verbose install where, deps [ '/Users/leticiarodriguezdiez/blog',
6 verbose install   [ 'express', 'ejs', 'express-partials', 'sequelize', 'engines' ] ]
7 error TypeError: Object #<Object> has no method 'replace'
7 error     at data (/usr/local/lib/node_modules/npm/lib/install.js:136:41)
7 error     at Array.map (native)
7 error     at data (/usr/local/lib/node_modules/npm/lib/install.js:134:29)
7 error     at /usr/local/lib/node_modules/npm/lib/install.js:222:16
7 error     at fs.js:117:20
7 error     at /usr/local/lib/node_modules/npm/node_modules/graceful-fs/graceful-fs.js:53:5
7 error     at /usr/local/lib/node_modules/npm/node_modules/graceful-fs/graceful-fs.js:62:5
7 error     at Object.oncomplete (fs.js:297:15)
8 error If you need help, you may report this log at:
8 error     <http://github.com/isaacs/npm/issues>
8 error or email it to:
8 error     <npm-@googlegroups.com>
9 error System Darwin 12.4.0
10 error command "node" "/usr/local/bin/npm" "install"
11 error cwd /Users/leticiarodriguezdiez/blog
12 error node -v v0.8.20
13 error npm -v 1.1.71
14 error type undefined_method
15 verbose exit [ 1, true ]
